Date: 28-02-20

		1st four problem solve 0n 28-02-20
	1.Find Divisor & their sum
	2.Calculator
	3.multiples of 3 or 5, their sum
	4.sorted square array

		5 problems are solve
	5.diagonal difference
	6.array plus minus
	7.staircase
	8.mini-max sum
	9.birthday cake candles

Date: 29-02-20

		correct setup folder & solve 1 problem on 29-02-20  
	10.time conversion

Date: 02-03-20
	
		solve Happy Ladybugs problem
	11.happy ladybugs

Date: 03-03-20

		solved Happy Ladybugs problem
	11.happy ladybugs

		running problem Strange Counter problem
	12.Strange Counter 

Date: 04-03-20

		sloved problem Strange Counter problem
	12.Strange Counter 

Date: 05-03-20

	12.Strange Counter
		reduce the for loop & conert array to find minus variable 
		
Date: 06-03-20
		
	13.Grading Student
		trying to solve Grading Student problem
		solved Grading Student problem

	14.Apple and Orange
		trying to solve Apple and Orange problem
		solved Apple and Orange problem

Date: 07-03-20
	
	15.Kangaroo
		trying to solve Kangaroo problem
		solved Kangaroo problem

	16.Between Two Sets
		trying to solve Between Two Sets problem

Date: 11-03-20

	16.Between Two Sets
		trying to solve Between Two Sets problem